#
# A fatal error has been detected by the Java Runtime Environment:
#
#  EXCEPTION_ACCESS_VIOLATION (0xc0000005) at pc=0x000000005216469a, pid=5080, tid=1976
#
# JRE version: Java(TM) SE Runtime Environment (7.0_79-b15) (build 1.7.0_79-b15)
# Java VM: Java HotSpot(TM) 64-Bit Server VM (24.79-b02 mixed mode windows-amd64 compressed oops)
# Problematic frame:
# V  [jvm.dll+0x40469a]
#
# Failed to write core dump. Minidumps are not enabled by default on client versions of Windows
#
# If you would like to submit a bug report, please visit:
#   http://bugreport.java.com/bugreport/crash.jsp
#

---------------  T H R E A D  ---------------

Current thread (0x0000000006108000):  JavaThread "C2 CompilerThread0" daemon [_thread_in_native, id=1976, stack(0x0000000006730000,0x0000000006830000)]

siginfo: ExceptionCode=0xc0000005, reading address 0x000000200000003f

Registers:
RAX=0x0000000007327e50, RBX=0x0000000000000000, RCX=0x0000000000000003, RDX=0x0000000000000000
RSP=0x000000000682c790, RBP=0x000000001ffffffd, RSI=0x0000000000000020, RDI=0x000000000746f080
R8 =0x000000000682cbc0, R9 =0x0000000000000000, R10=0x0000000000000002, R11=0x0000002000000011
R12=0x0000000007327de8, R13=0x0000000007638100, R14=0x0000000000000002, R15=0x0000000000000003
RIP=0x000000005216469a, EFLAGS=0x0000000000010202

Top of Stack: (sp=0x000000000682c790)
0x000000000682c790:   00000000075fb048 00000000075fb048
0x000000000682c7a0:   0000000007251840 0000000007350c30
0x000000000682c7b0:   0000000000000c54 000000000682cc28
0x000000000682c7c0:   00000002000008d9 00000000076380f0
0x000000000682c7d0:   0000000007327de8 0000000007638100
0x000000000682c7e0:   0000000000000000 00000000000008d9
0x000000000682c7f0:   0000000000000000 0000000000000000
0x000000000682c800:   0000000000000000 00000000061c8178
0x000000000682c810:   00000000061c7da0 00000000000003d8
0x000000000682c820:   000000000682cbc0 00000000061c7d90
0x000000000682c830:   000000000682c940 00000000521622e4
0x000000000682c840:   000000000682c8f0 000000000682eec0
0x000000000682c850:   0000000000000003 00000000000f423f
0x000000000682c860:   00000000061c7d90 0000000006c072a0
0x000000000682c870:   0000000006c07f70 0000000006c0f288
0x000000000682c880:   00000000001e9fc8 00000000061c8180 

Instructions: (pc=0x000000005216469a)
0x000000005216467a:   18 4c 89 64 24 40 83 f8 01 0f 86 6f 01 00 00 be
0x000000005216468a:   08 00 00 00 8d 68 ff 49 8b 44 24 08 4c 8b 1c 06
0x000000005216469a:   41 0f b7 43 2e 83 e0 01 0f 84 36 01 00 00 4c 8b
0x00000000521646aa:   ac 24 b0 00 00 00 8b c8 49 8b 43 08 4d 8b 55 18 


Register to memory mapping:

RAX=0x0000000007327e50 is an unknown value
RBX=0x0000000000000000 is an unknown value
RCX=0x0000000000000003 is an unknown value
RDX=0x0000000000000000 is an unknown value
RSP=0x000000000682c790 is pointing into the stack for thread: 0x0000000006108000
RBP=0x000000001ffffffd is an unknown value
RSI=0x0000000000000020 is an unknown value
RDI=0x000000000746f080 is an unknown value
R8 =0x000000000682cbc0 is pointing into the stack for thread: 0x0000000006108000
R9 =0x0000000000000000 is an unknown value
R10=0x0000000000000002 is an unknown value
R11=0x0000002000000011 is an unknown value
R12=0x0000000007327de8 is an unknown value
R13=0x0000000007638100 is an unknown value
R14=0x0000000000000002 is an unknown value
R15=0x0000000000000003 is an unknown value


Stack: [0x0000000006730000,0x0000000006830000],  sp=0x000000000682c790,  free space=1009k
Native frames: (J=compiled Java code, j=interpreted, Vv=VM code, C=native code)
V  [jvm.dll+0x40469a]


Current CompileTask:
C2:  30999  816   !         com.android.dx.cf.code.BytecodeArray::parseInstruction (2764 bytes)


---------------  P R O C E S S  ---------------

Java Threads: ( => current thread )
  0x0000000006136800 JavaThread "pool-2-thread-1" [_thread_blocked, id=2876, stack(0x0000000007030000,0x0000000007130000)]
  0x0000000006151800 JavaThread "pool-1-thread-1" [_thread_in_Java, id=4932, stack(0x0000000006f30000,0x0000000007030000)]
  0x000000000611d000 JavaThread "Service Thread" daemon [_thread_blocked, id=5348, stack(0x0000000006930000,0x0000000006a30000)]
  0x0000000006119000 JavaThread "C2 CompilerThread1" daemon [_thread_blocked, id=4956, stack(0x0000000006830000,0x0000000006930000)]
=>0x0000000006108000 JavaThread "C2 CompilerThread0" daemon [_thread_in_native, id=1976, stack(0x0000000006730000,0x0000000006830000)]
  0x0000000006106800 JavaThread "Attach Listener" daemon [_thread_blocked, id=1996, stack(0x0000000006630000,0x0000000006730000)]
  0x0000000006104000 JavaThread "Signal Dispatcher" daemon [_thread_blocked, id=5300, stack(0x0000000006530000,0x0000000006630000)]
  0x00000000060ce000 JavaThread "Finalizer" daemon [_thread_blocked, id=5460, stack(0x0000000006430000,0x0000000006530000)]
  0x00000000060cc000 JavaThread "Reference Handler" daemon [_thread_blocked, id=1248, stack(0x0000000006330000,0x0000000006430000)]
  0x0000000002a4e000 JavaThread "main" [_thread_in_Java, id=4120, stack(0x0000000002760000,0x0000000002860000)]

Other Threads:
  0x00000000060c7800 VMThread [stack: 0x0000000006230000,0x0000000006330000] [id=3328]
  0x0000000006126800 WatcherThread [stack: 0x0000000006a30000,0x0000000006b30000] [id=6140]

VM state:not at safepoint (normal execution)

VM Mutex/Monitor currently owned by a thread: None

Heap
 def new generation   total 49536K, used 21015K [0x000000009d600000, 0x00000000a0bc0000, 0x00000000bc8a0000)
  eden space 44032K,  47% used [0x000000009d600000, 0x000000009ea85d10, 0x00000000a0100000)
  from space 5504K,   0% used [0x00000000a0100000, 0x00000000a0100000, 0x00000000a0660000)
  to   space 5504K,   0% used [0x00000000a0660000, 0x00000000a0660000, 0x00000000a0bc0000)
 tenured generation   total 109976K, used 65983K [0x00000000bc8a0000, 0x00000000c3406000, 0x00000000fae00000)
   the space 109976K,  59% used [0x00000000bc8a0000, 0x00000000c090fff8, 0x00000000c0910000, 0x00000000c3406000)
 compacting perm gen  total 21248K, used 5982K [0x00000000fae00000, 0x00000000fc2c0000, 0x0000000100000000)
   the space 21248K,  28% used [0x00000000fae00000, 0x00000000fb3d79c0, 0x00000000fb3d7a00, 0x00000000fc2c0000)
No shared spaces configured.

Card table byte_map: [0x0000000005b10000,0x0000000005e30000] byte_map_base: 0x0000000005625000

Polling page: 0x0000000002870000

Code Cache  [0x0000000002a50000, 0x0000000002d30000, 0x0000000005a50000)
 total_blobs=937 nmethods=701 adapters=189 free_code_cache=46537Kb largest_free_block=47363456

Compilation events (10 events):
Event: 30.204 Thread 0x0000000006119000 nmethod 811 0x0000000002b522d0 code [0x0000000002b524c0, 0x0000000002b52f08]
Event: 30.216 Thread 0x0000000006119000  812             com.android.dx.ssa.PhiInsn::<init> (29 bytes)
Event: 30.219 Thread 0x0000000006119000 nmethod 812 0x0000000002bd6a50 code [0x0000000002bd6ba0, 0x0000000002bd6d08]
Event: 30.230 Thread 0x0000000006119000  813             com.android.dx.cf.code.BasicBlocker::visitConstant (39 bytes)
Event: 30.277 Thread 0x0000000006119000 nmethod 813 0x0000000002bacb10 code [0x0000000002bacd40, 0x0000000002bae130]
Event: 30.291 Thread 0x0000000006108000  814             com.android.dx.ssa.SsaBasicBlock::addPhiInsnForReg (18 bytes)
Event: 30.297 Thread 0x0000000006108000 nmethod 814 0x0000000002afa810 code [0x0000000002afa9a0, 0x0000000002afada8]
Event: 30.441 Thread 0x0000000006108000  815             java.util.concurrent.locks.AbstractQueuedSynchronizer::getState (5 bytes)
Event: 30.441 Thread 0x0000000006108000 nmethod 815 0x0000000002bccfd0 code [0x0000000002bcd100, 0x0000000002bcd158]
Event: 30.471 Thread 0x0000000006108000  816   !         com.android.dx.cf.code.BytecodeArray::parseInstruction (2764 bytes)

GC Heap History (10 events):
Event: 25.132 GC heap before
{Heap before GC invocations=10 (full 0):
 def new generation   total 28736K, used 28736K [0x000000009d600000, 0x000000009f520000, 0x00000000bc8a0000)
  eden space 25600K, 100% used [0x000000009d600000, 0x000000009ef00000, 0x000000009ef00000)
  from space 3136K, 100% used [0x000000009ef00000, 0x000000009f210000, 0x000000009f210000)
  to   space 3136K,   0% used [0x000000009f210000, 0x000000009f210000, 0x000000009f520000)
 tenured generation   total 63872K, used 45063K [0x00000000bc8a0000, 0x00000000c0700000, 0x00000000fae00000)
   the space 63872K,  70% used [0x00000000bc8a0000, 0x00000000bf4a1e28, 0x00000000bf4a2000, 0x00000000c0700000)
 compacting perm gen  total 21248K, used 5923K [0x00000000fae00000, 0x00000000fc2c0000, 0x0000000100000000)
   the space 21248K,  27% used [0x00000000fae00000, 0x00000000fb3c8e10, 0x00000000fb3c9000, 0x00000000fc2c0000)
No shared spaces configured.
Event: 25.167 GC heap after
Heap after GC invocations=11 (full 0):
 def new generation   total 28736K, used 3136K [0x000000009d600000, 0x000000009f520000, 0x00000000bc8a0000)
  eden space 25600K,   0% used [0x000000009d600000, 0x000000009d600000, 0x000000009ef00000)
  from space 3136K, 100% used [0x000000009f210000, 0x000000009f520000, 0x000000009f520000)
  to   space 3136K,   0% used [0x000000009ef00000, 0x000000009ef00000, 0x000000009f210000)
 tenured generation   total 63872K, used 49326K [0x00000000bc8a0000, 0x00000000c0700000, 0x00000000fae00000)
   the space 63872K,  77% used [0x00000000bc8a0000, 0x00000000bf8cb980, 0x00000000bf8cba00, 0x00000000c0700000)
 compacting perm gen  total 21248K, used 5923K [0x00000000fae00000, 0x00000000fc2c0000, 0x0000000100000000)
   the space 21248K,  27% used [0x00000000fae00000, 0x00000000fb3c8e10, 0x00000000fb3c9000, 0x00000000fc2c0000)
No shared spaces configured.
}
Event: 27.177 GC heap before
{Heap before GC invocations=11 (full 0):
 def new generation   total 28736K, used 28736K [0x000000009d600000, 0x000000009f520000, 0x00000000bc8a0000)
  eden space 25600K, 100% used [0x000000009d600000, 0x000000009ef00000, 0x000000009ef00000)
  from space 3136K, 100% used [0x000000009f210000, 0x000000009f520000, 0x000000009f520000)
  to   space 3136K,   0% used [0x000000009ef00000, 0x000000009ef00000, 0x000000009f210000)
 tenured generation   total 63872K, used 49326K [0x00000000bc8a0000, 0x00000000c0700000, 0x00000000fae00000)
   the space 63872K,  77% used [0x00000000bc8a0000, 0x00000000bf8cb980, 0x00000000bf8cba00, 0x00000000c0700000)
 compacting perm gen  total 21248K, used 5955K [0x00000000fae00000, 0x00000000fc2c0000, 0x0000000100000000)
   the space 21248K,  28% used [0x00000000fae00000, 0x00000000fb3d0e90, 0x00000000fb3d1000, 0x00000000fc2c0000)
No shared spaces configured.
Event: 27.214 GC heap after
Heap after GC invocations=12 (full 0):
 def new generation   total 28736K, used 3136K [0x000000009d600000, 0x000000009f520000, 0x00000000bc8a0000)
  eden space 25600K,   0% used [0x000000009d600000, 0x000000009d600000, 0x000000009ef00000)
  from space 3136K, 100% used [0x000000009ef00000, 0x000000009f210000, 0x000000009f210000)
  to   space 3136K,   0% used [0x000000009f210000, 0x000000009f210000, 0x000000009f520000)
 tenured generation   total 63872K, used 53731K [0x00000000bc8a0000, 0x00000000c0700000, 0x00000000fae00000)
   the space 63872K,  84% used [0x00000000bc8a0000, 0x00000000bfd18ef0, 0x00000000bfd19000, 0x00000000c0700000)
 compacting perm gen  total 21248K, used 5955K [0x00000000fae00000, 0x00000000fc2c0000, 0x0000000100000000)
   the space 21248K,  28% used [0x00000000fae00000, 0x00000000fb3d0e90, 0x00000000fb3d1000, 0x00000000fc2c0000)
No shared spaces configured.
}
Event: 27.852 GC heap before
{Heap before GC invocations=12 (full 0):
 def new generation   total 28736K, used 28736K [0x000000009d600000, 0x000000009f520000, 0x00000000bc8a0000)
  eden space 25600K, 100% used [0x000000009d600000, 0x000000009ef00000, 0x000000009ef00000)
  from space 3136K, 100% used [0x000000009ef00000, 0x000000009f210000, 0x000000009f210000)
  to   space 3136K,   0% used [0x000000009f210000, 0x000000009f210000, 0x000000009f520000)
 tenured generation   total 63872K, used 53731K [0x00000000bc8a0000, 0x00000000c0700000, 0x00000000fae00000)
   the space 63872K,  84% used [0x00000000bc8a0000, 0x00000000bfd18ef0, 0x00000000bfd19000, 0x00000000c0700000)
 compacting perm gen  total 21248K, used 5962K [0x00000000fae00000, 0x00000000fc2c0000, 0x0000000100000000)
   the space 21248K,  28% used [0x00000000fae00000, 0x00000000fb3d2ab0, 0x00000000fb3d2c00, 0x00000000fc2c0000)
No shared spaces configured.
Event: 27.883 GC heap after
Heap after GC invocations=13 (full 0):
 def new generation   total 28736K, used 3136K [0x000000009d600000, 0x000000009f520000, 0x00000000bc8a0000)
  eden space 25600K,   0% used [0x000000009d600000, 0x000000009d600000, 0x000000009ef00000)
  from space 3136K, 100% used [0x000000009f210000, 0x000000009f520000, 0x000000009f520000)
  to   space 3136K,   0% used [0x000000009ef00000, 0x000000009ef00000, 0x000000009f210000)
 tenured generation   total 63872K, used 57591K [0x00000000bc8a0000, 0x00000000c0700000, 0x00000000fae00000)
   the space 63872K,  90% used [0x00000000bc8a0000, 0x00000000c00dddb8, 0x00000000c00dde00, 0x00000000c0700000)
 compacting perm gen  total 21248K, used 5962K [0x00000000fae00000, 0x00000000fc2c0000, 0x0000000100000000)
   the space 21248K,  28% used [0x00000000fae00000, 0x00000000fb3d2ab0, 0x00000000fb3d2c00, 0x00000000fc2c0000)
No shared spaces configured.
}
Event: 29.122 GC heap before
{Heap before GC invocations=13 (full 0):
 def new generation   total 28736K, used 28736K [0x000000009d600000, 0x000000009f520000, 0x00000000bc8a0000)
  eden space 25600K, 100% used [0x000000009d600000, 0x000000009ef00000, 0x000000009ef00000)
  from space 3136K, 100% used [0x000000009f210000, 0x000000009f520000, 0x000000009f520000)
  to   space 3136K,   0% used [0x000000009ef00000, 0x000000009ef00000, 0x000000009f210000)
 tenured generation   total 63872K, used 57591K [0x00000000bc8a0000, 0x00000000c0700000, 0x00000000fae00000)
   the space 63872K,  90% used [0x00000000bc8a0000, 0x00000000c00dddb8, 0x00000000c00dde00, 0x00000000c0700000)
 compacting perm gen  total 21248K, used 5967K [0x00000000fae00000, 0x00000000fc2c0000, 0x0000000100000000)
   the space 21248K,  28% used [0x00000000fae00000, 0x00000000fb3d3dc0, 0x00000000fb3d3e00, 0x00000000fc2c0000)
No shared spaces configured.
Event: 29.157 GC heap after
Heap after GC invocations=14 (full 0):
 def new generation   total 28736K, used 3136K [0x000000009d600000, 0x000000009f520000, 0x00000000bc8a0000)
  eden space 25600K,   0% used [0x000000009d600000, 0x000000009d600000, 0x000000009ef00000)
  from space 3136K, 100% used [0x000000009ef00000, 0x000000009f210000, 0x000000009f210000)
  to   space 3136K,   0% used [0x000000009f210000, 0x000000009f210000, 0x000000009f520000)
 tenured generation   total 63872K, used 61800K [0x00000000bc8a0000, 0x00000000c0700000, 0x00000000fae00000)
   the space 63872K,  96% used [0x00000000bc8a0000, 0x00000000c04fa268, 0x00000000c04fa400, 0x00000000c0700000)
 compacting perm gen  total 21248K, used 5967K [0x00000000fae00000, 0x00000000fc2c0000, 0x0000000100000000)
   the space 21248K,  28% used [0x00000000fae00000, 0x00000000fb3d3dc0, 0x00000000fb3d3e00, 0x00000000fc2c0000)
No shared spaces configured.
}
Event: 29.850 GC heap before
{Heap before GC invocations=14 (full 0):
 def new generation   total 28736K, used 28736K [0x000000009d600000, 0x000000009f520000, 0x00000000bc8a0000)
  eden space 25600K, 100% used [0x000000009d600000, 0x000000009ef00000, 0x000000009ef00000)
  from space 3136K, 100% used [0x000000009ef00000, 0x000000009f210000, 0x000000009f210000)
  to   space 3136K,   0% used [0x000000009f210000, 0x000000009f210000, 0x000000009f520000)
 tenured generation   total 63872K, used 61800K [0x00000000bc8a0000, 0x00000000c0700000, 0x00000000fae00000)
   the space 63872K,  96% used [0x00000000bc8a0000, 0x00000000c04fa268, 0x00000000c04fa400, 0x00000000c0700000)
 compacting perm gen  total 21248K, used 5973K [0x00000000fae00000, 0x00000000fc2c0000, 0x0000000100000000)
   the space 21248K,  28% used [0x00000000fae00000, 0x00000000fb3d5728, 0x00000000fb3d5800, 0x00000000fc2c0000)
No shared spaces configured.
Event: 30.163 GC heap after
Heap after GC invocations=15 (full 1):
 def new generation   total 49536K, used 3050K [0x000000009d600000, 0x00000000a0bc0000, 0x00000000bc8a0000)
  eden space 44032K,   6% used [0x000000009d600000, 0x000000009d8faa20, 0x00000000a0100000)
  from space 5504K,   0% used [0x00000000a0100000, 0x00000000a0100000, 0x00000000a0660000)
  to   space 5504K,   0% used [0x00000000a0660000, 0x00000000a0660000, 0x00000000a0bc0000)
 tenured generation   total 109976K, used 65983K [0x00000000bc8a0000, 0x00000000c3406000, 0x00000000fae00000)
   the space 109976K,  59% used [0x00000000bc8a0000, 0x00000000c090fff8, 0x00000000c0910000, 0x00000000c3406000)
 compacting perm gen  total 21248K, used 5973K [0x00000000fae00000, 0x00000000fc2c0000, 0x0000000100000000)
   the space 21248K,  28% used [0x00000000fae00000, 0x00000000fb3d5728, 0x00000000fb3d5800, 0x00000000fc2c0000)
No shared spaces configured.
}

Deoptimization events (10 events):
Event: 25.707 Thread 0x0000000002a4e000 Uncommon trap: reason=bimorphic action=maybe_recompile pc=0x0000000002c85c88 method=com.android.dx.cf.code.BytecodeArray.parseInstruction(ILcom/android/dx/cf/code/BytecodeArray$Visitor;)I @ 1549
Event: 27.350 Thread 0x0000000006151800 Uncommon trap: reason=unreached action=reinterpret pc=0x0000000002ada880 method=com.android.dx.rop.code.LocalVariableExtractor.processBlock(I)V @ 195
Event: 27.545 Thread 0x0000000006151800 Uncommon trap: reason=class_check action=maybe_recompile pc=0x0000000002c54220 method=com.android.dx.cf.code.RopperMachine.run(Lcom/android/dx/cf/code/Frame;II)V @ 310
Event: 27.697 Thread 0x0000000002a4e000 Uncommon trap: reason=class_check action=maybe_recompile pc=0x0000000002c54220 method=com.android.dx.cf.code.RopperMachine.run(Lcom/android/dx/cf/code/Frame;II)V @ 310
Event: 27.698 Thread 0x0000000002a4e000 Uncommon trap: reason=class_check action=maybe_recompile pc=0x0000000002c54220 method=com.android.dx.cf.code.RopperMachine.run(Lcom/android/dx/cf/code/Frame;II)V @ 310
Event: 28.086 Thread 0x0000000002a4e000 Uncommon trap: reason=bimorphic action=maybe_recompile pc=0x0000000002cff160 method=com.android.dx.cf.code.BytecodeArray.parseInstruction(ILcom/android/dx/cf/code/BytecodeArray$Visitor;)I @ 2484
Event: 28.086 Thread 0x0000000002a4e000 Uncommon trap: reason=bimorphic action=maybe_recompile pc=0x0000000002cff160 method=com.android.dx.cf.code.BytecodeArray.parseInstruction(ILcom/android/dx/cf/code/BytecodeArray$Visitor;)I @ 2484
Event: 28.176 Thread 0x0000000002a4e000 Uncommon trap: reason=unreached action=reinterpret pc=0x0000000002cd3fa0 method=com.android.dx.ssa.LocalVariableExtractor.processBlock(I)V @ 251
Event: 30.339 Thread 0x0000000006151800 Uncommon trap: reason=bimorphic action=maybe_recompile pc=0x0000000002d19910 method=com.android.dx.cf.code.BytecodeArray.parseInstruction(ILcom/android/dx/cf/code/BytecodeArray$Visitor;)I @ 1161
Event: 30.339 Thread 0x0000000006151800 Uncommon trap: reason=bimorphic action=maybe_recompile pc=0x0000000002d19910 method=com.android.dx.cf.code.BytecodeArray.parseInstruction(ILcom/android/dx/cf/code/BytecodeArray$Visitor;)I @ 1161

Internal exceptions (10 events):
Event: 18.082 Thread 0x0000000006151800 Threw 0x000000009df6c4b8 at C:\re\jdk7u79\2331\hotspot\src\share\vm\prims\jvm.cpp:1304
Event: 18.176 Thread 0x0000000002a4e000 Implicit null exception at 0x0000000002bb4d6d to 0x0000000002bb500d
Event: 18.717 Thread 0x0000000002a4e000 Threw 0x000000009e75c680 at C:\re\jdk7u79\2331\hotspot\src\share\vm\prims\jvm.cpp:1304
Event: 20.601 Thread 0x0000000002a4e000 Threw 0x000000009dae0b68 at C:\re\jdk7u79\2331\hotspot\src\share\vm\prims\jvm.cpp:1304
Event: 20.681 Thread 0x0000000002a4e000 Threw 0x000000009dbcfcc8 at C:\re\jdk7u79\2331\hotspot\src\share\vm\prims\jvm.cpp:1304
Event: 21.382 Thread 0x0000000006151800 Implicit null exception at 0x0000000002bf24e1 to 0x0000000002bf3475
Event: 21.383 Thread 0x0000000006151800 Implicit null exception at 0x0000000002c76924 to 0x0000000002c77bcd
Event: 21.494 Thread 0x0000000006151800 Implicit null exception at 0x0000000002b805d2 to 0x0000000002b80671
Event: 23.559 Thread 0x0000000002a4e000 Implicit null exception at 0x0000000002b10e93 to 0x0000000002b117b5
Event: 24.027 Thread 0x0000000006151800 Implicit null exception at 0x0000000002c95983 to 0x0000000002c97e59

Events (10 events):
Event: 29.847 Thread 0x0000000006119000 flushing nmethod 0x0000000002c75a10
Event: 29.847 Thread 0x0000000006119000 flushing nmethod 0x0000000002c93810
Event: 29.850 Executing VM operation: GenCollectForAllocation
Event: 30.163 Executing VM operation: GenCollectForAllocation done
Event: 30.339 Thread 0x0000000006151800 Uncommon trap: trap_request=0xffffffc6 fr.pc=0x0000000002d19910
Event: 30.339 Thread 0x0000000006151800 DEOPT PACKING pc=0x0000000002d19910 sp=0x000000000702eb70
Event: 30.339 Thread 0x0000000006151800 DEOPT UNPACKING pc=0x0000000002a89064 sp=0x000000000702eb18 mode 2
Event: 30.339 Thread 0x0000000006151800 Uncommon trap: trap_request=0xffffffc6 fr.pc=0x0000000002d19910
Event: 30.339 Thread 0x0000000006151800 DEOPT PACKING pc=0x0000000002d19910 sp=0x000000000702eb70
Event: 30.339 Thread 0x0000000006151800 DEOPT UNPACKING pc=0x0000000002a89064 sp=0x000000000702eb18 mode 2


Dynamic libraries:
0x00007ff732d90000 - 0x00007ff732dc3000 	C:\Program Files\Java\jdk1.7.0_79\bin\java.exe
0x00007ffec0150000 - 0x00007ffec0311000 	C:\WINDOWS\SYSTEM32\ntdll.dll
0x00007ffebd7e0000 - 0x00007ffebd88d000 	C:\WINDOWS\system32\KERNEL32.DLL
0x00007ffebd2b0000 - 0x00007ffebd498000 	C:\WINDOWS\system32\KERNELBASE.dll
0x00007ffec00a0000 - 0x00007ffec0147000 	C:\WINDOWS\system32\ADVAPI32.dll
0x00007ffebf970000 - 0x00007ffebfa0d000 	C:\WINDOWS\system32\msvcrt.dll
0x00007ffebd550000 - 0x00007ffebd5ab000 	C:\WINDOWS\system32\sechost.dll
0x00007ffebd890000 - 0x00007ffebd9ac000 	C:\WINDOWS\system32\RPCRT4.dll
0x00007ffebf730000 - 0x00007ffebf886000 	C:\WINDOWS\system32\USER32.dll
0x00007ffebfa50000 - 0x00007ffebfbd6000 	C:\WINDOWS\system32\GDI32.dll
0x00007ffeaefb0000 - 0x00007ffeaf224000 	C:\WINDOWS\WinSxS\amd64_microsoft.windows.common-controls_6595b64144ccf1df_6.0.10586.0_none_8c15ae12515e1c22\COMCTL32.dll
0x00007ffebf4b0000 - 0x00007ffebf72d000 	C:\WINDOWS\system32\combase.dll
0x00007ffebca90000 - 0x00007ffebcafa000 	C:\WINDOWS\system32\bcryptPrimitives.dll
0x00007ffebfa10000 - 0x00007ffebfa4b000 	C:\WINDOWS\system32\IMM32.DLL
0x0000000052540000 - 0x0000000052612000 	C:\Program Files\Java\jdk1.7.0_79\jre\bin\msvcr100.dll
0x0000000051d60000 - 0x0000000052535000 	C:\Program Files\Java\jdk1.7.0_79\jre\bin\server\jvm.dll
0x00007ffebf8f0000 - 0x00007ffebf8f8000 	C:\WINDOWS\system32\PSAPI.DLL
0x00007ffeb7e70000 - 0x00007ffeb7e79000 	C:\WINDOWS\SYSTEM32\WSOCK32.dll
0x00007ffebf900000 - 0x00007ffebf96b000 	C:\WINDOWS\system32\WS2_32.dll
0x00007ffebba20000 - 0x00007ffebba43000 	C:\WINDOWS\SYSTEM32\WINMM.dll
0x00007ffebb9c0000 - 0x00007ffebb9ec000 	C:\WINDOWS\SYSTEM32\WINMMBASE.dll
0x00007ffebd1e0000 - 0x00007ffebd223000 	C:\WINDOWS\system32\cfgmgr32.dll
0x0000000051d50000 - 0x0000000051d5f000 	C:\Program Files\Java\jdk1.7.0_79\jre\bin\verify.dll
0x0000000051d20000 - 0x0000000051d48000 	C:\Program Files\Java\jdk1.7.0_79\jre\bin\java.dll
0x0000000051d00000 - 0x0000000051d15000 	C:\Program Files\Java\jdk1.7.0_79\jre\bin\zip.dll
0x0000000051ce0000 - 0x0000000051cfa000 	C:\Program Files\Java\jdk1.7.0_79\jre\bin\net.dll
0x00007ffebc040000 - 0x00007ffebc09c000 	C:\WINDOWS\system32\mswsock.dll
0x0000000051cc0000 - 0x0000000051cd1000 	C:\Program Files\Java\jdk1.7.0_79\jre\bin\nio.dll
0x00007ffeae1f0000 - 0x00007ffeae37c000 	C:\WINDOWS\SYSTEM32\dbghelp.dll

VM Arguments:
java_command: E:\android-sdk\build-tools\23.0.0\\lib\dx.jar --no-strict --dex --output=obj\Debug\android\bin obj\Debug\android\bin\classes C:\Program Files (x86)\Reference Assemblies\Microsoft\Framework\MonoAndroid\v6.0\mono.android.jar obj\Debug\__library_projects__\FormsViewGroup\library_project_imports\formsviewgroup.jar C:\Users\Afzal\AppData\Local\Xamarin\Xamarin.Android.Support.Animated.Vector.Drawable\23.3.0.0\embedded\classes.jar C:\Users\Afzal\AppData\Local\Xamarin\Xamarin.Android.Support.Design\23.3.0.0\embedded\classes.jar C:\Users\Afzal\AppData\Local\Xamarin\Xamarin.Android.Support.v4\23.3.0.0\embedded\classes.jar C:\Users\Afzal\AppData\Local\Xamarin\Xamarin.Android.Support.v4\23.3.0.0\embedded\libs\internal_impl-23.3.0.jar C:\Users\Afzal\AppData\Local\Xamarin\Xamarin.Android.Support.v7.AppCompat\23.3.0.0\embedded\classes.jar C:\Users\Afzal\AppData\Local\Xamarin\Xamarin.Android.Support.v7.CardView\23.3.0.0\embedded\classes.jar C:\Users\Afzal\AppData\Local\Xamarin\Xamarin.Android.Support.v7.MediaRouter\23.3.0.0\embedded\classes.jar C:\Users\Afzal\AppData\Local\Xamarin\Xamarin.Android.Support.v7.MediaRouter\23.3.0.0\embedded\libs\internal_impl-23.3.0.jar C:\Users\Afzal\AppData\Local\Xamarin\Xamarin.Android.Support.v7.RecyclerView\23.3.0.0\embedded\classes.jar C:\Users\Afzal\AppData\Local\Xamarin\Xamarin.Android.Support.Vector.Drawable\23.3.0.0\embedded\classes.jar
Launcher Type: SUN_STANDARD

Environment Variables:
PATH=C:\Program Files\Java\jdk1.7.0_79\bin;C:\WINDOWS\system32;C:\WINDOWS;C:\WINDOWS\System32\Wbem;C:\WINDOWS\System32\WindowsPowerShell\v1.0\;C:\WINDOWS\system32\config\systemprofile\.dnx\bin;C:\Program Files\Microsoft DNX\Dnvm\;C:\Program Files\Microsoft SQL Server\130\Tools\Binn\;C:\Program Files (x86)\Windows Kits\10\Windows Performance Toolkit\;C:\Program Files (x86)\GtkSharp\2.12\bin;c:\Users\Afzal\documents\visual studio 2015\Projects\FavBook\packages\Xamarin.Forms.2.0.0.6482\tools
USERNAME=Afzal
OS=Windows_NT
PROCESSOR_IDENTIFIER=Intel64 Family 6 Model 23 Stepping 10, GenuineIntel



---------------  S Y S T E M  ---------------

OS: Windows 8.1 , 64 bit Build 9600 

CPU:total 1 (1 cores per cpu, 1 threads per core) family 6 model 23 stepping 10, cmov, cx8, fxsr, mmx, sse, sse2, sse3, ssse3, tsc

Memory: 4k page, physical 6124424k(3162792k free), swap 12415880k(9413576k free)

vm_info: Java HotSpot(TM) 64-Bit Server VM (24.79-b02) for windows-amd64 JRE (1.7.0_79-b15), built on Apr 10 2015 12:36:16 by "java_re" with unknown MS VC++:1600

time: Sun Jun 26 17:34:12 2016
elapsed time: 31 seconds

